#
# There is insufficient memory for the Java Runtime Environment to continue.
# Native memory allocation (malloc) failed to allocate 1029856 bytes for Chunk::new
# Possible reasons:
#   The system is out of physical RAM or swap space
#   The process is running with CompressedOops enabled, and the Java Heap may be blocking the growth of the native heap
# Possible solutions:
#   Reduce memory load on the system
#   Increase physical memory or swap space
#   Check if swap backing store is full
#   Decrease Java heap size (-Xmx/-Xms)
#   Decrease number of Java threads
#   Decrease Java thread stack sizes (-Xss)
#   Set larger code cache with -XX:ReservedCodeCacheSize=
#   JVM is running with Unscaled Compressed Oops mode in which the Java heap is
#     placed in the first 4GB address space. The Java Heap base address is the
#     maximum limit for the native heap growth. Please use -XX:HeapBaseMinAddress
#     to set the Java Heap base and to place the Java Heap above 4GB virtual address.
# This output file may be truncated or incomplete.
#
#  Out of Memory Error (./src/hotspot/share/memory/arena.cpp:197), pid=20092, tid=1524
#
# JRE version: OpenJDK Runtime Environment (11.0.13) (build 11.0.13+0-b1751.21-8125866)
# Java VM: OpenJDK 64-Bit Server VM (11.0.13+0-b1751.21-8125866, mixed mode, tiered, compressed oops, g1 gc, windows-amd64)
# No core dump will be written. Minidumps are not enabled by default on client versions of Windows
#

---------------  S U M M A R Y ------------

Command Line: --add-opens=java.base/java.util=ALL-UNNAMED --add-opens=java.base/java.lang=ALL-UNNAMED --add-opens=java.base/java.lang.invoke=ALL-UNNAMED --add-opens=java.base/java.util=ALL-UNNAMED --add-opens=java.prefs/java.util.prefs=ALL-UNNAMED --add-opens=java.prefs/java.util.prefs=ALL-UNNAMED --add-opens=java.base/java.nio.charset=ALL-UNNAMED --add-opens=java.base/java.net=ALL-UNNAMED --add-opens=java.base/java.util.concurrent.atomic=ALL-UNNAMED -Xmx1536M -Dfile.encoding=windows-1252 -Duser.country=US -Duser.language=en -Duser.variant org.gradle.launcher.daemon.bootstrap.GradleDaemon 7.5

Host: Intel(R) Core(TM) i3-1005G1 CPU @ 1.20GHz, 4 cores, 3G,  Windows 11 , 64 bit Build 22621 (10.0.22621.1344)
Time: Tue Mar 21 12:29:22 2023 Tokyo Standard Time elapsed time: 119.774671 seconds (0d 0h 1m 59s)

---------------  T H R E A D  ---------------

Current thread (0x0000023c55d12800):  JavaThread "C2 CompilerThread0" daemon [_thread_in_native, id=1524, stack(0x0000008b0c200000,0x0000008b0c300000)]


Current CompileTask:
C2: 119776 7955   !   4       org.codehaus.groovy.reflection.stdclasses.CachedSAMClass::hasUsableImplementation (72 bytes)

Stack: [0x0000008b0c200000,0x0000008b0c300000]
Native frames: (J=compiled Java code, j=interpreted, Vv=VM code, C=native code)
V  [jvm.dll+0x6100fa]
V  [jvm.dll+0x747090]
V  [jvm.dll+0x7486ad]
V  [jvm.dll+0x748d83]
V  [jvm.dll+0x24ab48]
V  [jvm.dll+0xc04dc]
V  [jvm.dll+0xc0a0c]
V  [jvm.dll+0x2bfab4]
V  [jvm.dll+0x524238]
V  [jvm.dll+0x204a21]
V  [jvm.dll+0x2023c2]
V  [jvm.dll+0x188e01]
V  [jvm.dll+0x21106b]
V  [jvm.dll+0x20f8c1]
V  [jvm.dll+0x70de0f]
V  [jvm.dll+0x706a75]
V  [jvm.dll+0x60ed66]
C  [ucrtbase.dll+0x29363]
C  [KERNEL32.DLL+0x126bd]
C  [ntdll.dll+0x5a9f8]


---------------  P R O C E S S  ---------------

Threads class SMR info:
_java_thread_list=0x0000023c578281d0, length=80, elements={
0x0000023c3cad1000, 0x0000023c55396800, 0x0000023c55398800, 0x0000023c553fc800,
0x0000023c553fd800, 0x0000023c553fe800, 0x0000023c55d12800, 0x0000023c5540c000,
0x0000023c55d73800, 0x0000023c55e21000, 0x0000023c5832c000, 0x0000023c562d2800,
0x0000023c567a4800, 0x0000023c55e22000, 0x0000023c55e22800, 0x0000023c56940800,
0x0000023c56016800, 0x0000023c56fce000, 0x0000023c56fce800, 0x0000023c56fcf800,
0x0000023c56f5e800, 0x0000023c56f5f000, 0x0000023c56f61800, 0x0000023c56f5d800,
0x0000023c56f60800, 0x0000023c56f62800, 0x0000023c56f60000, 0x0000023c56f63000,
0x0000023c56f64000, 0x0000023c57601000, 0x0000023c57604800, 0x0000023c575ff000,
0x0000023c57602000, 0x0000023c57603000, 0x0000023c57603800, 0x0000023c575ff800,
0x0000023c57606000, 0x0000023c57600800, 0x0000023c57609800, 0x0000023c5760c800,
0x0000023c5760a000, 0x0000023c57607000, 0x0000023c5760c000, 0x0000023c5760d800,
0x0000023c5760b000, 0x0000023c57608800, 0x0000023c57608000, 0x0000023c59f0d800,
0x0000023c59f0b000, 0x0000023c59f0c000, 0x0000023c59f0e800, 0x0000023c59f08800,
0x0000023c59f0d000, 0x0000023c59f0f800, 0x0000023c59f09800, 0x0000023c59f10000,
0x0000023c59f0a800, 0x0000023c59f14000, 0x0000023c59f15000, 0x0000023c59f16000,
0x0000023c59f12800, 0x0000023c59f11800, 0x0000023c59f13800, 0x0000023c59f16800,
0x0000023c59f11000, 0x0000023c59f17800, 0x0000023c5841c000, 0x0000023c5841e800,
0x0000023c5841d800, 0x0000023c5841c800, 0x0000023c5841b000, 0x0000023c58420000,
0x0000023c5841f000, 0x0000023c5841a000, 0x0000023c58424000, 0x0000023c58425800,
0x0000023c58422800, 0x0000023c58421800, 0x0000023c58426800, 0x0000023c58421000
}

Java Threads: ( => current thread )
  0x0000023c3cad1000 JavaThread "main" [_thread_blocked, id=13004, stack(0x0000008b0b600000,0x0000008b0b700000)]
  0x0000023c55396800 JavaThread "Reference Handler" daemon [_thread_blocked, id=20816, stack(0x0000008b0bd00000,0x0000008b0be00000)]
  0x0000023c55398800 JavaThread "Finalizer" daemon [_thread_blocked, id=8128, stack(0x0000008b0be00000,0x0000008b0bf00000)]
  0x0000023c553fc800 JavaThread "Signal Dispatcher" daemon [_thread_blocked, id=11000, stack(0x0000008b0bf00000,0x0000008b0c000000)]
  0x0000023c553fd800 JavaThread "Attach Listener" daemon [_thread_blocked, id=12360, stack(0x0000008b0c000000,0x0000008b0c100000)]
  0x0000023c553fe800 JavaThread "Service Thread" daemon [_thread_blocked, id=19884, stack(0x0000008b0c100000,0x0000008b0c200000)]
=>0x0000023c55d12800 JavaThread "C2 CompilerThread0" daemon [_thread_in_native, id=1524, stack(0x0000008b0c200000,0x0000008b0c300000)]
  0x0000023c5540c000 JavaThread "C1 CompilerThread0" daemon [_thread_blocked, id=13316, stack(0x0000008b0c300000,0x0000008b0c400000)]
  0x0000023c55d73800 JavaThread "Sweeper thread" daemon [_thread_blocked, id=8312, stack(0x0000008b0c400000,0x0000008b0c500000)]
  0x0000023c55e21000 JavaThread "Common-Cleaner" daemon [_thread_blocked, id=16300, stack(0x0000008b0c500000,0x0000008b0c600000)]
  0x0000023c5832c000 JavaThread "Daemon health stats" [_thread_blocked, id=12440, stack(0x0000008b0c800000,0x0000008b0c900000)]
  0x0000023c562d2800 JavaThread "Incoming local TCP Connector on port 54230" [_thread_in_native, id=2976, stack(0x0000008b0cb00000,0x0000008b0cc00000)]
  0x0000023c567a4800 JavaThread "Daemon periodic checks" [_thread_blocked, id=20240, stack(0x0000008b0cc00000,0x0000008b0cd00000)]
  0x0000023c55e22000 JavaThread "Daemon" [_thread_blocked, id=19920, stack(0x0000008b0cd00000,0x0000008b0ce00000)]
  0x0000023c55e22800 JavaThread "Handler for socket connection from /127.0.0.1:54230 to /127.0.0.1:54232" [_thread_in_native, id=5616, stack(0x0000008b0ce00000,0x0000008b0cf00000)]
  0x0000023c56940800 JavaThread "Cancel handler" [_thread_blocked, id=10344, stack(0x0000008b0cf00000,0x0000008b0d000000)]
  0x0000023c56016800 JavaThread "Daemon worker" [_thread_in_vm, id=10772, stack(0x0000008b0d000000,0x0000008b0d100000)]
  0x0000023c56fce000 JavaThread "Asynchronous log dispatcher for DefaultDaemonConnection: socket connection from /127.0.0.1:54230 to /127.0.0.1:54232" [_thread_blocked, id=19828, stack(0x0000008b0d100000,0x0000008b0d200000)]
  0x0000023c56fce800 JavaThread "Stdin handler" [_thread_blocked, id=3168, stack(0x0000008b0d200000,0x0000008b0d300000)]
  0x0000023c56fcf800 JavaThread "Daemon client event forwarder" [_thread_blocked, id=19020, stack(0x0000008b0d300000,0x0000008b0d400000)]
  0x0000023c56f5e800 JavaThread "Cache worker for journal cache (C:\Users\jitu\.gradle\caches\journal-1)" [_thread_blocked, id=17412, stack(0x0000008b0d400000,0x0000008b0d500000)]
  0x0000023c56f5f000 JavaThread "File lock request listener" [_thread_in_native, id=11684, stack(0x0000008b0d500000,0x0000008b0d600000)]
  0x0000023c56f61800 JavaThread "Cache worker for file hash cache (C:\Users\jitu\.gradle\caches\7.5\fileHashes)" [_thread_blocked, id=13548, stack(0x0000008b0d600000,0x0000008b0d700000)]
  0x0000023c56f5d800 JavaThread "File lock release action executor" [_thread_blocked, id=5936, stack(0x0000008b0d700000,0x0000008b0d800000)]
  0x0000023c56f60800 JavaThread "File watcher server" daemon [_thread_in_native, id=19416, stack(0x0000008b0d900000,0x0000008b0da00000)]
  0x0000023c56f62800 JavaThread "File watcher consumer" daemon [_thread_blocked, id=20600, stack(0x0000008b0db00000,0x0000008b0dc00000)]
  0x0000023c56f60000 JavaThread "Cache worker for checksums cache (H:\Android\FirebaseRealtimeapp\firebaseapp\android\.gradle\7.5\checksums)" [_thread_blocked, id=8172, stack(0x0000008b0dc00000,0x0000008b0dd00000)]
  0x0000023c56f63000 JavaThread "Cache worker for cache directory md-rule (C:\Users\jitu\.gradle\caches\7.5\md-rule)" [_thread_blocked, id=20404, stack(0x0000008b0dd00000,0x0000008b0de00000)]
  0x0000023c56f64000 JavaThread "Cache worker for file content cache (C:\Users\jitu\.gradle\caches\7.5\fileContent)" [_thread_blocked, id=16692, stack(0x0000008b0de00000,0x0000008b0df00000)]
  0x0000023c57601000 JavaThread "Cache worker for file hash cache (H:\Android\FirebaseRealtimeapp\firebaseapp\android\.gradle\7.5\fileHashes)" [_thread_blocked, id=7404, stack(0x0000008b0df00000,0x0000008b0e000000)]
  0x0000023c57604800 JavaThread "Cache worker for cache directory md-supplier (C:\Users\jitu\.gradle\caches\7.5\md-supplier)" [_thread_blocked, id=7828, stack(0x0000008b0e000000,0x0000008b0e100000)]
  0x0000023c575ff000 JavaThread "Cache worker for execution history cache (C:\Users\jitu\.gradle\caches\7.5\executionHistory)" [_thread_blocked, id=13008, stack(0x0000008b0b400000,0x0000008b0b500000)]
  0x0000023c57602000 JavaThread "jar transforms" [_thread_blocked, id=9768, stack(0x0000008b0b500000,0x0000008b0b600000)]
  0x0000023c57603000 JavaThread "jar transforms Thread 2" [_thread_blocked, id=17336, stack(0x0000008b0e100000,0x0000008b0e200000)]
  0x0000023c57603800 JavaThread "jar transforms Thread 3" [_thread_blocked, id=8924, stack(0x0000008b0e200000,0x0000008b0e300000)]
  0x0000023c575ff800 JavaThread "jar transforms Thread 4" [_thread_blocked, id=18536, stack(0x0000008b0e300000,0x0000008b0e400000)]
  0x0000023c57606000 JavaThread "Cache worker for dependencies-accessors (H:\Android\FirebaseRealtimeapp\firebaseapp\android\.gradle\7.5\dependencies-accessors)" [_thread_blocked, id=12244, stack(0x0000008b0e400000,0x0000008b0e500000)]
  0x0000023c57600800 JavaThread "Cache worker for Build Output Cleanup Cache (H:\Android\FirebaseRealtimeapp\firebaseapp\android\.gradle\buildOutputCleanup)" [_thread_blocked, id=13880, stack(0x0000008b0e500000,0x0000008b0e600000)]
  0x0000023c57609800 JavaThread "Unconstrained build operations" [_thread_blocked, id=20924, stack(0x0000008b0e600000,0x0000008b0e700000)]
  0x0000023c5760c800 JavaThread "Unconstrained build operations Thread 2" [_thread_blocked, id=14184, stack(0x0000008b0e700000,0x0000008b0e800000)]
  0x0000023c5760a000 JavaThread "Unconstrained build operations Thread 3" [_thread_blocked, id=20192, stack(0x0000008b0e800000,0x0000008b0e900000)]
  0x0000023c57607000 JavaThread "Unconstrained build operations Thread 4" [_thread_blocked, id=16676, stack(0x0000008b0e900000,0x0000008b0ea00000)]
  0x0000023c5760c000 JavaThread "Unconstrained build operations Thread 5" [_thread_blocked, id=19964, stack(0x0000008b0ea00000,0x0000008b0eb00000)]
  0x0000023c5760d800 JavaThread "Unconstrained build operations Thread 6" [_thread_blocked, id=11632, stack(0x0000008b0eb00000,0x0000008b0ec00000)]
  0x0000023c5760b000 JavaThread "Unconstrained build operations Thread 7" [_thread_blocked, id=20536, stack(0x0000008b0ec00000,0x0000008b0ed00000)]
  0x0000023c57608800 JavaThread "Unconstrained build operations Thread 8" [_thread_blocked, id=9820, stack(0x0000008b0ed00000,0x0000008b0ee00000)]
  0x0000023c57608000 JavaThread "Unconstrained build operations Thread 9" [_thread_blocked, id=16448, stack(0x0000008b0ee00000,0x0000008b0ef00000)]
  0x0000023c59f0d800 JavaThread "Unconstrained build operations Thread 10" [_thread_blocked, id=6556, stack(0x0000008b0ef00000,0x0000008b0f000000)]
  0x0000023c59f0b000 JavaThread "Unconstrained build operations Thread 11" [_thread_blocked, id=16744, stack(0x0000008b0f000000,0x0000008b0f100000)]
  0x0000023c59f0c000 JavaThread "Unconstrained build operations Thread 12" [_thread_blocked, id=10120, stack(0x0000008b0f100000,0x0000008b0f200000)]
  0x0000023c59f0e800 JavaThread "Unconstrained build operations Thread 13" [_thread_blocked, id=17416, stack(0x0000008b0f200000,0x0000008b0f300000)]
  0x0000023c59f08800 JavaThread "Unconstrained build operations Thread 14" [_thread_blocked, id=8092, stack(0x0000008b0f300000,0x0000008b0f400000)]
  0x0000023c59f0d000 JavaThread "Unconstrained build operations Thread 15" [_thread_blocked, id=2272, stack(0x0000008b0f400000,0x0000008b0f500000)]
  0x0000023c59f0f800 JavaThread "Unconstrained build operations Thread 16" [_thread_blocked, id=12028, stack(0x0000008b0f500000,0x0000008b0f600000)]
  0x0000023c59f09800 JavaThread "Unconstrained build operations Thread 17" [_thread_blocked, id=9872, stack(0x0000008b0f600000,0x0000008b0f700000)]
  0x0000023c59f10000 JavaThread "Unconstrained build operations Thread 18" [_thread_blocked, id=9288, stack(0x0000008b0f700000,0x0000008b0f800000)]
  0x0000023c59f0a800 JavaThread "Unconstrained build operations Thread 19" [_thread_blocked, id=17840, stack(0x0000008b0f800000,0x0000008b0f900000)]
  0x0000023c59f14000 JavaThread "Unconstrained build operations Thread 20" [_thread_blocked, id=19440, stack(0x0000008b0f900000,0x0000008b0fa00000)]
  0x0000023c59f15000 JavaThread "Unconstrained build operations Thread 21" [_thread_blocked, id=21276, stack(0x0000008b0fa00000,0x0000008b0fb00000)]
  0x0000023c59f16000 JavaThread "Unconstrained build operations Thread 22" [_thread_blocked, id=17300, stack(0x0000008b0fb00000,0x0000008b0fc00000)]
  0x0000023c59f12800 JavaThread "Unconstrained build operations Thread 23" [_thread_blocked, id=9888, stack(0x0000008b0fc00000,0x0000008b0fd00000)]
  0x0000023c59f11800 JavaThread "Unconstrained build operations Thread 24" [_thread_blocked, id=2692, stack(0x0000008b0fd00000,0x0000008b0fe00000)]
  0x0000023c59f13800 JavaThread "Unconstrained build operations Thread 25" [_thread_blocked, id=8560, stack(0x0000008b0fe00000,0x0000008b0ff00000)]
  0x0000023c59f16800 JavaThread "Unconstrained build operations Thread 26" [_thread_blocked, id=14864, stack(0x0000008b0ff00000,0x0000008b10000000)]
  0x0000023c59f11000 JavaThread "Unconstrained build operations Thread 27" [_thread_blocked, id=19496, stack(0x0000008b10000000,0x0000008b10100000)]
  0x0000023c59f17800 JavaThread "Unconstrained build operations Thread 28" [_thread_blocked, id=18212, stack(0x0000008b10100000,0x0000008b10200000)]
  0x0000023c5841c000 JavaThread "Unconstrained build operations Thread 29" [_thread_blocked, id=19492, stack(0x0000008b10200000,0x0000008b10300000)]
  0x0000023c5841e800 JavaThread "Unconstrained build operations Thread 30" [_thread_blocked, id=2492, stack(0x0000008b10300000,0x0000008b10400000)]
  0x0000023c5841d800 JavaThread "Unconstrained build operations Thread 31" [_thread_blocked, id=21304, stack(0x0000008b10400000,0x0000008b10500000)]
  0x0000023c5841c800 JavaThread "Unconstrained build operations Thread 32" [_thread_blocked, id=9316, stack(0x0000008b10500000,0x0000008b10600000)]
  0x0000023c5841b000 JavaThread "Unconstrained build operations Thread 33" [_thread_blocked, id=7356, stack(0x0000008b10600000,0x0000008b10700000)]
  0x0000023c58420000 JavaThread "Unconstrained build operations Thread 34" [_thread_blocked, id=7644, stack(0x0000008b10700000,0x0000008b10800000)]
  0x0000023c5841f000 JavaThread "Unconstrained build operations Thread 35" [_thread_blocked, id=9688, stack(0x0000008b10800000,0x0000008b10900000)]
  0x0000023c5841a000 JavaThread "Unconstrained build operations Thread 36" [_thread_blocked, id=17468, stack(0x0000008b10900000,0x0000008b10a00000)]
  0x0000023c58424000 JavaThread "Unconstrained build operations Thread 37" [_thread_blocked, id=6492, stack(0x0000008b10a00000,0x0000008b10b00000)]
  0x0000023c58425800 JavaThread "Unconstrained build operations Thread 38" [_thread_blocked, id=9920, stack(0x0000008b10b00000,0x0000008b10c00000)]
  0x0000023c58422800 JavaThread "Unconstrained build operations Thread 39" [_thread_blocked, id=21096, stack(0x0000008b10c00000,0x0000008b10d00000)]
  0x0000023c58421800 JavaThread "Unconstrained build operations Thread 40" [_thread_blocked, id=4620, stack(0x0000008b10d00000,0x0000008b10e00000)]
  0x0000023c58426800 JavaThread "Memory manager" [_thread_blocked, id=1692, stack(0x0000008b10e00000,0x0000008b10f00000)]
  0x0000023c58421000 JavaThread "Cache worker for kotlin-dsl (C:\Users\jitu\.gradle\caches\7.5\kotlin-dsl)" [_thread_blocked, id=3576, stack(0x0000008b10f00000,0x0000008b11000000)]

Other Threads:
  0x0000023c55392800 VMThread "VM Thread" [stack: 0x0000008b0bc00000,0x0000008b0bd00000] [id=14568]
  0x0000023c55ea9800 WatcherThread [stack: 0x0000008b0c600000,0x0000008b0c700000] [id=9568]
  0x0000023c3cae9800 GCTaskThread "GC Thread#0" [stack: 0x0000008b0b700000,0x0000008b0b800000] [id=10188]
  0x0000023c55d78000 GCTaskThread "GC Thread#1" [stack: 0x0000008b0c700000,0x0000008b0c800000] [id=14500]
  0x0000023c55d7a800 GCTaskThread "GC Thread#2" [stack: 0x0000008b0c900000,0x0000008b0ca00000] [id=9548]
  0x0000023c55d7d000 GCTaskThread "GC Thread#3" [stack: 0x0000008b0ca00000,0x0000008b0cb00000] [id=20508]
  0x0000023c3cb0f000 ConcurrentGCThread "G1 Main Marker" [stack: 0x0000008b0b800000,0x0000008b0b900000] [id=20380]
  0x0000023c3cb10800 ConcurrentGCThread "G1 Conc#0" [stack: 0x0000008b0b900000,0x0000008b0ba00000] [id=6808]
  0x0000023c3cb59000 ConcurrentGCThread "G1 Refine#0" [stack: 0x0000008b0ba00000,0x0000008b0bb00000] [id=21292]
  0x0000023c3cb5a800 ConcurrentGCThread "G1 Young RemSet Sampling" [stack: 0x0000008b0bb00000,0x0000008b0bc00000] [id=17984]

Threads with active compile tasks:
C2 CompilerThread0 119971 7955   !   4       org.codehaus.groovy.reflection.stdclasses.CachedSAMClass::hasUsableImplementation (72 bytes)

VM state:not at safepoint (normal execution)

VM Mutex/Monitor currently owned by a thread: None

Heap address: 0x00000000a0000000, size: 1536 MB, Compressed Oops mode: 32-bit
Narrow klass base: 0x0000000000000000, Narrow klass shift: 3
Compressed class space size: 1073741824 Address: 0x0000000100000000

Heap:
 garbage-first heap   total 92160K, used 69018K [0x00000000a0000000, 0x0000000100000000)
  region size 1024K, 4 young (4096K), 2 survivors (2048K)
 Metaspace       used 70278K, capacity 72286K, committed 72400K, reserved 1112064K
  class space    used 8902K, capacity 9592K, committed 9600K, reserved 1048576K
Heap Regions: E=young(eden), S=young(survivor), O=old, HS=humongous(starts), HC=humongous(continues), CS=collection set, F=free, A=archive, TAMS=top-at-mark-start (previous, next)
|   0|0x00000000a0000000, 0x00000000a0100000, 0x00000000a0100000|100%|HS|  |TAMS 0x00000000a0100000, 0x00000000a0000000| Complete 
|   1|0x00000000a0100000, 0x00000000a0200000, 0x00000000a0200000|100%|HC|  |TAMS 0x00000000a0200000, 0x00000000a0100000| Complete 
|   2|0x00000000a0200000, 0x00000000a0300000, 0x00000000a0300000|100%|HC|  |TAMS 0x00000000a0300000, 0x00000000a0200000| Complete 
|   3|0x00000000a0300000, 0x00000000a0400000, 0x00000000a0400000|100%| O|  |TAMS 0x00000000a0400000, 0x00000000a0300000| Updating 
|   4|0x00000000a0400000, 0x00000000a0500000, 0x00000000a0500000|100%| O|  |TAMS 0x00000000a0500000, 0x00000000a0400000| Updating 
|   5|0x00000000a0500000, 0x00000000a0600000, 0x00000000a0600000|100%| O|  |TAMS 0x00000000a0600000, 0x00000000a0500000| Updating 
|   6|0x00000000a0600000, 0x00000000a0700000, 0x00000000a0700000|100%| O|  |TAMS 0x00000000a0700000, 0x00000000a0600000| Updating 
|   7|0x00000000a0700000, 0x00000000a0800000, 0x00000000a0800000|100%| O|  |TAMS 0x00000000a0800000, 0x00000000a0700000| Updating 
|   8|0x00000000a0800000, 0x00000000a0900000, 0x00000000a0900000|100%| O|  |TAMS 0x00000000a0900000, 0x00000000a0800000| Updating 
|   9|0x00000000a0900000, 0x00000000a0a00000, 0x00000000a0a00000|100%| O|  |TAMS 0x00000000a0a00000, 0x00000000a0900000| Updating 
|  10|0x00000000a0a00000, 0x00000000a0b00000, 0x00000000a0b00000|100%| O|  |TAMS 0x00000000a0b00000, 0x00000000a0a00000| Updating 
|  11|0x00000000a0b00000, 0x00000000a0c00000, 0x00000000a0c00000|100%| O|  |TAMS 0x00000000a0c00000, 0x00000000a0b00000| Updating 
|  12|0x00000000a0c00000, 0x00000000a0d00000, 0x00000000a0d00000|100%| O|  |TAMS 0x00000000a0d00000, 0x00000000a0c00000| Updating 
|  13|0x00000000a0d00000, 0x00000000a0e00000, 0x00000000a0e00000|100%| O|  |TAMS 0x00000000a0e00000, 0x00000000a0d00000| Updating 
|  14|0x00000000a0e00000, 0x00000000a0f00000, 0x00000000a0f00000|100%| O|  |TAMS 0x00000000a0f00000, 0x00000000a0e00000| Updating 
|  15|0x00000000a0f00000, 0x00000000a1000000, 0x00000000a1000000|100%| O|  |TAMS 0x00000000a1000000, 0x00000000a0f00000| Updating 
|  16|0x00000000a1000000, 0x00000000a1100000, 0x00000000a1100000|100%| O|  |TAMS 0x00000000a1100000, 0x00000000a1000000| Updating 
|  17|0x00000000a1100000, 0x00000000a1200000, 0x00000000a1200000|100%| O|  |TAMS 0x00000000a1200000, 0x00000000a1100000| Updating 
|  18|0x00000000a1200000, 0x00000000a1300000, 0x00000000a1300000|100%| O|  |TAMS 0x00000000a1300000, 0x00000000a1200000| Updating 
|  19|0x00000000a1300000, 0x00000000a1400000, 0x00000000a1400000|100%| O|  |TAMS 0x00000000a1400000, 0x00000000a1300000| Updating 
|  20|0x00000000a1400000, 0x00000000a1500000, 0x00000000a1500000|100%| O|  |TAMS 0x00000000a1500000, 0x00000000a1400000| Updating 
|  21|0x00000000a1500000, 0x00000000a1600000, 0x00000000a1600000|100%| O|  |TAMS 0x00000000a1600000, 0x00000000a1500000| Updating 
|  22|0x00000000a1600000, 0x00000000a1700000, 0x00000000a1700000|100%| O|  |TAMS 0x00000000a1700000, 0x00000000a1600000| Updating 
|  23|0x00000000a1700000, 0x00000000a1800000, 0x00000000a1800000|100%| O|  |TAMS 0x00000000a1800000, 0x00000000a1700000| Updating 
|  24|0x00000000a1800000, 0x00000000a1900000, 0x00000000a1900000|100%| O|  |TAMS 0x00000000a1900000, 0x00000000a1800000| Updating 
|  25|0x00000000a1900000, 0x00000000a1a00000, 0x00000000a1a00000|100%| O|  |TAMS 0x00000000a1a00000, 0x00000000a1900000| Updating 
|  26|0x00000000a1a00000, 0x00000000a1b00000, 0x00000000a1b00000|100%| O|  |TAMS 0x00000000a1b00000, 0x00000000a1a00000| Updating 
|  27|0x00000000a1b00000, 0x00000000a1c00000, 0x00000000a1c00000|100%| O|  |TAMS 0x00000000a1c00000, 0x00000000a1b00000| Updating 
|  28|0x00000000a1c00000, 0x00000000a1d00000, 0x00000000a1d00000|100%| O|  |TAMS 0x00000000a1d00000, 0x00000000a1c00000| Updating 
|  29|0x00000000a1d00000, 0x00000000a1e00000, 0x00000000a1e00000|100%| O|  |TAMS 0x00000000a1e00000, 0x00000000a1d00000| Updating 
|  30|0x00000000a1e00000, 0x00000000a1f00000, 0x00000000a1f00000|100%| O|  |TAMS 0x00000000a1f00000, 0x00000000a1e00000| Updating 
|  31|0x00000000a1f00000, 0x00000000a2000000, 0x00000000a2000000|100%| O|  |TAMS 0x00000000a2000000, 0x00000000a1f00000| Updating 
|  32|0x00000000a2000000, 0x00000000a2100000, 0x00000000a2100000|100%| O|  |TAMS 0x00000000a2100000, 0x00000000a2000000| Updating 
|  33|0x00000000a2100000, 0x00000000a2200000, 0x00000000a2200000|100%|HS|  |TAMS 0x00000000a2200000, 0x00000000a2100000| Complete 
|  34|0x00000000a2200000, 0x00000000a2300000, 0x00000000a2300000|100%|HS|  |TAMS 0x00000000a2300000, 0x00000000a2200000| Complete 
|  35|0x00000000a2300000, 0x00000000a2400000, 0x00000000a2400000|100%| O|  |TAMS 0x00000000a2400000, 0x00000000a2300000| Updating 
|  36|0x00000000a2400000, 0x00000000a2500000, 0x00000000a2500000|100%|HS|  |TAMS 0x00000000a2500000, 0x00000000a2400000| Complete 
|  37|0x00000000a2500000, 0x00000000a2600000, 0x00000000a2600000|100%| O|  |TAMS 0x00000000a2600000, 0x00000000a2500000| Updating 
|  38|0x00000000a2600000, 0x00000000a2700000, 0x00000000a2700000|100%| O|  |TAMS 0x00000000a2700000, 0x00000000a2600000| Updating 
|  39|0x00000000a2700000, 0x00000000a2800000, 0x00000000a2800000|100%|HS|  |TAMS 0x00000000a2800000, 0x00000000a2700000| Complete 
|  40|0x00000000a2800000, 0x00000000a2900000, 0x00000000a2900000|100%|HC|  |TAMS 0x00000000a2900000, 0x00000000a2800000| Complete 
|  41|0x00000000a2900000, 0x00000000a2a00000, 0x00000000a2a00000|100%|HC|  |TAMS 0x00000000a2a00000, 0x00000000a2900000| Complete 
|  42|0x00000000a2a00000, 0x00000000a2b00000, 0x00000000a2b00000|100%| O|  |TAMS 0x00000000a2b00000, 0x00000000a2a00000| Updating 
|  43|0x00000000a2b00000, 0x00000000a2c00000, 0x00000000a2c00000|100%| O|  |TAMS 0x00000000a2c00000, 0x00000000a2b00000| Updating 
|  44|0x00000000a2c00000, 0x00000000a2d00000, 0x00000000a2d00000|100%| O|  |TAMS 0x00000000a2d00000, 0x00000000a2c00000| Updating 
|  45|0x00000000a2d00000, 0x00000000a2e00000, 0x00000000a2e00000|100%| O|  |TAMS 0x00000000a2e00000, 0x00000000a2d00000| Updating 
|  46|0x00000000a2e00000, 0x00000000a2f00000, 0x00000000a2f00000|100%| O|  |TAMS 0x00000000a2f00000, 0x00000000a2e00000| Updating 
|  47|0x00000000a2f00000, 0x00000000a3000000, 0x00000000a3000000|100%|HS|  |TAMS 0x00000000a3000000, 0x00000000a2f00000| Complete 
|  48|0x00000000a3000000, 0x00000000a3100000, 0x00000000a3100000|100%|HC|  |TAMS 0x00000000a3100000, 0x00000000a3000000| Complete 
|  49|0x00000000a3100000, 0x00000000a3200000, 0x00000000a3200000|100%| O|  |TAMS 0x00000000a3200000, 0x00000000a3100000| Updating 
|  50|0x00000000a3200000, 0x00000000a3300000, 0x00000000a3300000|100%| O|  |TAMS 0x00000000a3300000, 0x00000000a3200000| Updating 
|  51|0x00000000a3300000, 0x00000000a3400000, 0x00000000a3400000|100%| O|  |TAMS 0x00000000a3400000, 0x00000000a3300000| Updating 
|  52|0x00000000a3400000, 0x00000000a3500000, 0x00000000a3500000|100%| O|  |TAMS 0x00000000a3500000, 0x00000000a3400000| Updating 
|  53|0x00000000a3500000, 0x00000000a3600000, 0x00000000a3600000|100%| O|  |TAMS 0x00000000a3600000, 0x00000000a3500000| Updating 
|  54|0x00000000a3600000, 0x00000000a3700000, 0x00000000a3700000|100%| O|  |TAMS 0x00000000a3700000, 0x00000000a3600000| Updating 
|  55|0x00000000a3700000, 0x00000000a3800000, 0x00000000a3800000|100%| O|  |TAMS 0x00000000a3800000, 0x00000000a3700000| Updating 
|  56|0x00000000a3800000, 0x00000000a3900000, 0x00000000a3900000|100%| O|  |TAMS 0x00000000a3900000, 0x00000000a3800000| Updating 
|  57|0x00000000a3900000, 0x00000000a3a00000, 0x00000000a3a00000|100%| O|  |TAMS 0x00000000a3a00000, 0x00000000a3900000| Updating 
|  58|0x00000000a3a00000, 0x00000000a3b00000, 0x00000000a3b00000|100%| O|  |TAMS 0x00000000a3b00000, 0x00000000a3a00000| Updating 
|  59|0x00000000a3b00000, 0x00000000a3c00000, 0x00000000a3c00000|100%| O|  |TAMS 0x00000000a3c00000, 0x00000000a3b00000| Updating 
|  60|0x00000000a3c00000, 0x00000000a3d00000, 0x00000000a3d00000|100%| O|  |TAMS 0x00000000a3d00000, 0x00000000a3c00000| Updating 
|  61|0x00000000a3d00000, 0x00000000a3e00000, 0x00000000a3e00000|100%| O|  |TAMS 0x00000000a3e00000, 0x00000000a3d00000| Updating 
|  62|0x00000000a3e00000, 0x00000000a3f00000, 0x00000000a3f00000|100%| O|  |TAMS 0x00000000a3f00000, 0x00000000a3e00000| Updating 
|  63|0x00000000a3f00000, 0x00000000a4000000, 0x00000000a4000000|100%| O|  |TAMS 0x00000000a4000000, 0x00000000a3f00000| Updating 
|  64|0x00000000a4000000, 0x00000000a40b8200, 0x00000000a4100000| 71%| O|  |TAMS 0x00000000a40b8200, 0x00000000a4000000| Updating 
|  65|0x00000000a4100000, 0x00000000a4100000, 0x00000000a4200000|  0%| F|  |TAMS 0x00000000a4100000, 0x00000000a4100000| Untracked 
|  66|0x00000000a4200000, 0x00000000a4200000, 0x00000000a4300000|  0%| F|  |TAMS 0x00000000a4200000, 0x00000000a4200000| Untracked 
|  67|0x00000000a4300000, 0x00000000a4300000, 0x00000000a4400000|  0%| F|  |TAMS 0x00000000a4300000, 0x00000000a4300000| Untracked 
|  68|0x00000000a4400000, 0x00000000a4400000, 0x00000000a4500000|  0%| F|  |TAMS 0x00000000a4400000, 0x00000000a4400000| Untracked 
|  69|0x00000000a4500000, 0x00000000a4500000, 0x00000000a4600000|  0%| F|  |TAMS 0x00000000a4500000, 0x00000000a4500000| Untracked 
|  70|0x00000000a4600000, 0x00000000a4600000, 0x00000000a4700000|  0%| F|  |TAMS 0x00000000a4600000, 0x00000000a4600000| Untracked 
|  71|0x00000000a4700000, 0x00000000a4700000, 0x00000000a4800000|  0%| F|  |TAMS 0x00000000a4700000, 0x00000000a4700000| Untracked 
|  72|0x00000000a4800000, 0x00000000a4800000, 0x00000000a4900000|  0%| F|  |TAMS 0x00000000a4800000, 0x00000000a4800000| Untracked 
|  73|0x00000000a4900000, 0x00000000a4900000, 0x00000000a4a00000|  0%| F|  |TAMS 0x00000000a4900000, 0x00000000a4900000| Untracked 
|  74|0x00000000a4a00000, 0x00000000a4a00000, 0x00000000a4b00000|  0%| F|  |TAMS 0x00000000a4a00000, 0x00000000a4a00000| Untracked 
|  75|0x00000000a4b00000, 0x00000000a4b00000, 0x00000000a4c00000|  0%| F|  |TAMS 0x00000000a4b00000, 0x00000000a4b00000| Untracked 
|  76|0x00000000a4c00000, 0x00000000a4cae710, 0x00000000a4d00000| 68%| S|CS|TAMS 0x00000000a4c00000, 0x00000000a4c00000| Complete 
|  77|0x00000000a4d00000, 0x00000000a4d00000, 0x00000000a4e00000|  0%| F|  |TAMS 0x00000000a4d00000, 0x00000000a4d00000| Untracked 
|  78|0x00000000a4e00000, 0x00000000a4f00000, 0x00000000a4f00000|100%| S|CS|TAMS 0x00000000a4e00000, 0x00000000a4e00000| Complete 
|  79|0x00000000a4f00000, 0x00000000a4f00000, 0x00000000a5000000|  0%| F|  |TAMS 0x00000000a4f00000, 0x00000000a4f00000| Untracked 
|  80|0x00000000a5000000, 0x00000000a5000000, 0x00000000a5100000|  0%| F|  |TAMS 0x00000000a5000000, 0x00000000a5000000| Untracked 
|  81|0x00000000a5100000, 0x00000000a5100000, 0x00000000a5200000|  0%| F|  |TAMS 0x00000000a5100000, 0x00000000a5100000| Untracked 
|  82|0x00000000a5200000, 0x00000000a5200000, 0x00000000a5300000|  0%| F|  |TAMS 0x00000000a5200000, 0x00000000a5200000| Untracked 
|  83|0x00000000a5300000, 0x00000000a5300000, 0x00000000a5400000|  0%| F|  |TAMS 0x00000000a5300000, 0x00000000a5300000| Untracked 
|  84|0x00000000a5400000, 0x00000000a5400000, 0x00000000a5500000|  0%| F|  |TAMS 0x00000000a5400000, 0x00000000a5400000| Untracked 
|  85|0x00000000a5500000, 0x00000000a5500000, 0x00000000a5600000|  0%| F|  |TAMS 0x00000000a5500000, 0x00000000a5500000| Untracked 
|  86|0x00000000a5600000, 0x00000000a5600000, 0x00000000a5700000|  0%| F|  |TAMS 0x00000000a5600000, 0x00000000a5600000| Untracked 
|  87|0x00000000a5700000, 0x00000000a5700000, 0x00000000a5800000|  0%| F|  |TAMS 0x00000000a5700000, 0x00000000a5700000| Untracked 
|  88|0x00000000a5800000, 0x00000000a58c8620, 0x00000000a5900000| 78%| E|  |TAMS 0x00000000a5800000, 0x00000000a5800000| Complete 
|  89|0x00000000a5900000, 0x00000000a5a00000, 0x00000000a5a00000|100%| E|CS|TAMS 0x00000000a5900000, 0x00000000a5900000| Complete 

Card table byte_map: [0x0000023c4f8e0000,0x0000023c4fbe0000] _byte_map_base: 0x0000023c4f3e0000

Marking Bits (Prev, Next): (CMBitMap*) 0x0000023c3cb08340, (CMBitMap*) 0x0000023c3cb08308
 Prev Bits: [0x0000023c516e0000, 0x0000023c52ee0000)
 Next Bits: [0x0000023c4fee0000, 0x0000023c516e0000)

Polling page: 0x0000023c3aa30000

Metaspace:

Usage:
  Non-class:     61.22 MB capacity,    59.94 MB ( 98%) used,     1.10 MB (  2%) free+waste,   192.94 KB ( <1%) overhead. 
      Class:      9.37 MB capacity,     8.69 MB ( 93%) used,   598.84 KB (  6%) free+waste,    90.25 KB ( <1%) overhead. 
       Both:     70.59 MB capacity,    68.63 MB ( 97%) used,     1.68 MB (  2%) free+waste,   283.19 KB ( <1%) overhead. 

Virtual space:
  Non-class space:       62.00 MB reserved,      61.33 MB ( 99%) committed 
      Class space:        1.00 GB reserved,       9.38 MB ( <1%) committed 
             Both:        1.06 GB reserved,      70.70 MB (  7%) committed 

Chunk freelists:
   Non-Class:  42.00 KB
       Class:  8.00 KB
        Both:  50.00 KB

MaxMetaspaceSize: 17179869184.00 GB
CompressedClassSpaceSize: 1.00 GB
Initial GC threshold: 20.80 MB
Current GC threshold: 117.84 MB
CDS: off

CodeHeap 'non-profiled nmethods': size=120064Kb used=4878Kb max_used=4878Kb free=115185Kb
 bounds [0x0000023c480a0000, 0x0000023c48570000, 0x0000023c4f5e0000]
CodeHeap 'profiled nmethods': size=120000Kb used=17363Kb max_used=17363Kb free=102636Kb
 bounds [0x0000023c40b70000, 0x0000023c41c70000, 0x0000023c480a0000]
CodeHeap 'non-nmethods': size=5696Kb used=2359Kb max_used=2409Kb free=3336Kb
 bounds [0x0000023c405e0000, 0x0000023c40850000, 0x0000023c40b70000]
 total_blobs=8790 nmethods=7924 adapters=778
 compilation: enabled
              stopped_count=0, restarted_count=0
 full_count=0

Compilation events (20 events):
Event: 118.619 Thread 0x0000023c5540c000 7949       3       com.google.common.collect.ImmutableMapEntrySet::<init> (5 bytes)
Event: 118.619 Thread 0x0000023c5540c000 nmethod 7949 0x0000023c41c49690 code [0x0000023c41c49860, 0x0000023c41c49ad8]
Event: 119.000 Thread 0x0000023c5540c000 7950       3       org.gradle.api.internal.initialization.ClassLoaderScopeIdentifier::hashCode (23 bytes)
Event: 119.001 Thread 0x0000023c5540c000 nmethod 7950 0x0000023c41c49c10 code [0x0000023c41c49e00, 0x0000023c41c4a1a8]
Event: 119.026 Thread 0x0000023c5540c000 7952       3       sun.nio.fs.WindowsPath::compareTo (118 bytes)
Event: 119.029 Thread 0x0000023c5540c000 nmethod 7952 0x0000023c41c4a390 code [0x0000023c41c4a6e0, 0x0000023c41c4bba8]
Event: 119.029 Thread 0x0000023c5540c000 7951       3       sun.nio.fs.WindowsPath::equals (30 bytes)
Event: 119.030 Thread 0x0000023c5540c000 nmethod 7951 0x0000023c41c4c590 code [0x0000023c41c4c760, 0x0000023c41c4cbe8]
Event: 119.180 Thread 0x0000023c55d12800 7953       4       java.net.URLStreamHandler::setURL (73 bytes)
Event: 119.202 Thread 0x0000023c55d12800 nmethod 7953 0x0000023c4855da10 code [0x0000023c4855dbc0, 0x0000023c4855e708]
Event: 119.448 Thread 0x0000023c55d12800 7954       4       java.lang.Class::getMethod (59 bytes)
Event: 119.588 Thread 0x0000023c55d12800 nmethod 7954 0x0000023c4855eb90 code [0x0000023c4855eec0, 0x0000023c48562288]
Event: 119.603 Thread 0x0000023c55d12800 7955   !   4       org.codehaus.groovy.reflection.stdclasses.CachedSAMClass::hasUsableImplementation (72 bytes)
Event: 119.634 Thread 0x0000023c5540c000 7959       3       java.util.Spliterators::spliterator (25 bytes)
Event: 119.634 Thread 0x0000023c5540c000 nmethod 7959 0x0000023c41c4cc90 code [0x0000023c41c4ce80, 0x0000023c41c4d298]
Event: 119.670 Thread 0x0000023c5540c000 7961   !   3       com.sun.beans.introspect.MethodInfo::get (143 bytes)
Event: 119.673 Thread 0x0000023c5540c000 nmethod 7961 0x0000023c41c4d490 code [0x0000023c41c4d800, 0x0000023c41c4ee68]
Event: 119.686 Thread 0x0000023c5540c000 7962       3       java.beans.Introspector::processPropertyDescriptors (959 bytes)
Event: 119.700 Thread 0x0000023c5540c000 nmethod 7962 0x0000023c41c4f610 code [0x0000023c41c503a0, 0x0000023c41c5af98]
Event: 119.704 Thread 0x0000023c5540c000 7963       3       java.beans.PropertyDescriptor::isAssignable (148 bytes)

GC Heap History (20 events):
Event: 107.155 GC heap before
{Heap before GC invocations=107 (full 0):
 garbage-first heap   total 92160K, used 74183K [0x00000000a0000000, 0x0000000100000000)
  region size 1024K, 15 young (15360K), 2 survivors (2048K)
 Metaspace       used 68307K, capacity 70084K, committed 70352K, reserved 1110016K
  class space    used 8601K, capacity 9234K, committed 9344K, reserved 1048576K
}
Event: 107.162 GC heap after
{Heap after GC invocations=108 (full 0):
 garbage-first heap   total 92160K, used 61876K [0x00000000a0000000, 0x0000000100000000)
  region size 1024K, 2 young (2048K), 2 survivors (2048K)
 Metaspace       used 68307K, capacity 70084K, committed 70352K, reserved 1110016K
  class space    used 8601K, capacity 9234K, committed 9344K, reserved 1048576K
}
Event: 108.771 GC heap before
{Heap before GC invocations=109 (full 0):
 garbage-first heap   total 92160K, used 74164K [0x00000000a0000000, 0x0000000100000000)
  region size 1024K, 15 young (15360K), 2 survivors (2048K)
 Metaspace       used 68593K, capacity 70414K, committed 70608K, reserved 1110016K
  class space    used 8614K, capacity 9249K, committed 9344K, reserved 1048576K
}
Event: 108.777 GC heap after
{Heap after GC invocations=110 (full 0):
 garbage-first heap   total 92160K, used 63468K [0x00000000a0000000, 0x0000000100000000)
  region size 1024K, 2 young (2048K), 2 survivors (2048K)
 Metaspace       used 68593K, capacity 70414K, committed 70608K, reserved 1110016K
  class space    used 8614K, capacity 9249K, committed 9344K, reserved 1048576K
}
Event: 109.760 GC heap before
{Heap before GC invocations=110 (full 0):
 garbage-first heap   total 92160K, used 67564K [0x00000000a0000000, 0x0000000100000000)
  region size 1024K, 7 young (7168K), 2 survivors (2048K)
 Metaspace       used 68639K, capacity 70502K, committed 70608K, reserved 1110016K
  class space    used 8619K, capacity 9255K, committed 9344K, reserved 1048576K
}
Event: 109.780 GC heap after
{Heap after GC invocations=111 (full 0):
 garbage-first heap   total 92160K, used 65199K [0x00000000a0000000, 0x0000000100000000)
  region size 1024K, 2 young (2048K), 2 survivors (2048K)
 Metaspace       used 68639K, capacity 70502K, committed 70608K, reserved 1110016K
  class space    used 8619K, capacity 9255K, committed 9344K, reserved 1048576K
}
Event: 110.290 GC heap before
{Heap before GC invocations=112 (full 0):
 garbage-first heap   total 92160K, used 73391K [0x00000000a0000000, 0x0000000100000000)
  region size 1024K, 10 young (10240K), 2 survivors (2048K)
 Metaspace       used 68732K, capacity 70580K, committed 70864K, reserved 1112064K
  class space    used 8626K, capacity 9260K, committed 9344K, reserved 1048576K
}
Event: 110.294 GC heap after
{Heap after GC invocations=113 (full 0):
 garbage-first heap   total 92160K, used 65139K [0x00000000a0000000, 0x0000000100000000)
  region size 1024K, 1 young (1024K), 1 survivors (1024K)
 Metaspace       used 68732K, capacity 70580K, committed 70864K, reserved 1112064K
  class space    used 8626K, capacity 9260K, committed 9344K, reserved 1048576K
}
Event: 110.604 GC heap before
{Heap before GC invocations=113 (full 0):
 garbage-first heap   total 92160K, used 75379K [0x00000000a0000000, 0x0000000100000000)
  region size 1024K, 11 young (11264K), 1 survivors (1024K)
 Metaspace       used 68905K, capacity 70752K, committed 70992K, reserved 1112064K
  class space    used 8661K, capacity 9360K, committed 9472K, reserved 1048576K
}
Event: 110.608 GC heap after
{Heap after GC invocations=114 (full 0):
 garbage-first heap   total 92160K, used 65584K [0x00000000a0000000, 0x0000000100000000)
  region size 1024K, 2 young (2048K), 2 survivors (2048K)
 Metaspace       used 68905K, capacity 70752K, committed 70992K, reserved 1112064K
  class space    used 8661K, capacity 9360K, committed 9472K, reserved 1048576K
}
Event: 112.915 GC heap before
{Heap before GC invocations=115 (full 0):
 garbage-first heap   total 92160K, used 75824K [0x00000000a0000000, 0x0000000100000000)
  region size 1024K, 12 young (12288K), 2 survivors (2048K)
 Metaspace       used 69087K, capacity 70929K, committed 71248K, reserved 1112064K
  class space    used 8687K, capacity 9371K, committed 9472K, reserved 1048576K
}
Event: 112.918 GC heap after
{Heap after GC invocations=116 (full 0):
 garbage-first heap   total 92160K, used 66257K [0x00000000a0000000, 0x0000000100000000)
  region size 1024K, 2 young (2048K), 2 survivors (2048K)
 Metaspace       used 69087K, capacity 70929K, committed 71248K, reserved 1112064K
  class space    used 8687K, capacity 9371K, committed 9472K, reserved 1048576K
}
Event: 113.985 GC heap before
{Heap before GC invocations=116 (full 0):
 garbage-first heap   total 92160K, used 75473K [0x00000000a0000000, 0x0000000100000000)
  region size 1024K, 11 young (11264K), 2 survivors (2048K)
 Metaspace       used 69324K, capacity 71287K, committed 71504K, reserved 1112064K
  class space    used 8728K, capacity 9429K, committed 9472K, reserved 1048576K
}
Event: 113.988 GC heap after
{Heap after GC invocations=117 (full 0):
 garbage-first heap   total 92160K, used 66674K [0x00000000a0000000, 0x0000000100000000)
  region size 1024K, 2 young (2048K), 2 survivors (2048K)
 Metaspace       used 69324K, capacity 71287K, committed 71504K, reserved 1112064K
  class space    used 8728K, capacity 9429K, committed 9472K, reserved 1048576K
}
Event: 115.403 GC heap before
{Heap before GC invocations=118 (full 0):
 garbage-first heap   total 92160K, used 76914K [0x00000000a0000000, 0x0000000100000000)
  region size 1024K, 12 young (12288K), 2 survivors (2048K)
 Metaspace       used 69515K, capacity 71497K, committed 71760K, reserved 1112064K
  class space    used 8757K, capacity 9436K, committed 9472K, reserved 1048576K
}
Event: 115.407 GC heap after
{Heap after GC invocations=119 (full 0):
 garbage-first heap   total 92160K, used 66800K [0x00000000a0000000, 0x0000000100000000)
  region size 1024K, 1 young (1024K), 1 survivors (1024K)
 Metaspace       used 69515K, capacity 71497K, committed 71760K, reserved 1112064K
  class space    used 8757K, capacity 9436K, committed 9472K, reserved 1048576K
}
Event: 119.135 GC heap before
{Heap before GC invocations=119 (full 0):
 garbage-first heap   total 92160K, used 78064K [0x00000000a0000000, 0x0000000100000000)
  region size 1024K, 12 young (12288K), 1 survivors (1024K)
 Metaspace       used 70116K, capacity 72142K, committed 72400K, reserved 1112064K
  class space    used 8878K, capacity 9588K, committed 9600K, reserved 1048576K
}
Event: 119.139 GC heap after
{Heap after GC invocations=120 (full 0):
 garbage-first heap   total 92160K, used 67067K [0x00000000a0000000, 0x0000000100000000)
  region size 1024K, 1 young (1024K), 1 survivors (1024K)
 Metaspace       used 70116K, capacity 72142K, committed 72400K, reserved 1112064K
  class space    used 8878K, capacity 9588K, committed 9600K, reserved 1048576K
}
Event: 119.597 GC heap before
{Heap before GC invocations=121 (full 0):
 garbage-first heap   total 92160K, used 78331K [0x00000000a0000000, 0x0000000100000000)
  region size 1024K, 12 young (12288K), 1 survivors (1024K)
 Metaspace       used 70228K, capacity 72216K, committed 72400K, reserved 1112064K
  class space    used 8897K, capacity 9590K, committed 9600K, reserved 1048576K
}
Event: 119.600 GC heap after
{Heap after GC invocations=122 (full 0):
 garbage-first heap   total 92160K, used 67272K [0x00000000a0000000, 0x0000000100000000)
  region size 1024K, 1 young (1024K), 1 survivors (1024K)
 Metaspace       used 70228K, capacity 72216K, committed 72400K, reserved 1112064K
  class space    used 8897K, capacity 9590K, committed 9600K, reserved 1048576K
}

Deoptimization events (20 events):
Event: 113.315 Thread 0x0000023c56016800 Uncommon trap: trap_request=0xfffffff4 fr.pc=0x0000023c4826da34 relative=0x00000000000047b4
Event: 113.315 Thread 0x0000023c56016800 Uncommon trap: reason=null_check action=make_not_entrant pc=0x0000023c4826da34 method=jdk.internal.loader.URLClassPath$JarLoader.getResource(Ljava/lang/String;ZLjava/util/Set;)Ljdk/internal/loader/Resource; @ 92 c2
Event: 113.315 Thread 0x0000023c56016800 DEOPT PACKING pc=0x0000023c4826da34 sp=0x0000008b0d0eea10
Event: 113.315 Thread 0x0000023c56016800 DEOPT UNPACKING pc=0x0000023c405e85af sp=0x0000008b0d0ee9d8 mode 2
Event: 113.492 Thread 0x0000023c56016800 DEOPT PACKING pc=0x0000023c413073c1 sp=0x0000008b0d0f2980
Event: 113.492 Thread 0x0000023c56016800 DEOPT UNPACKING pc=0x0000023c40629d0e sp=0x0000008b0d0f1e90 mode 0
Event: 115.087 Thread 0x0000023c56016800 DEOPT PACKING pc=0x0000023c41197b91 sp=0x0000008b0d0f1310
Event: 115.087 Thread 0x0000023c56016800 DEOPT UNPACKING pc=0x0000023c40629d0e sp=0x0000008b0d0f07e8 mode 0
Event: 115.714 Thread 0x0000023c56016800 DEOPT PACKING pc=0x0000023c41445371 sp=0x0000008b0d0f13a0
Event: 115.714 Thread 0x0000023c56016800 DEOPT UNPACKING pc=0x0000023c40629d0e sp=0x0000008b0d0f0898 mode 0
Event: 115.714 Thread 0x0000023c56016800 DEOPT PACKING pc=0x0000023c41445371 sp=0x0000008b0d0f13a0
Event: 115.714 Thread 0x0000023c56016800 DEOPT UNPACKING pc=0x0000023c40629d0e sp=0x0000008b0d0f0898 mode 0
Event: 115.715 Thread 0x0000023c56016800 DEOPT PACKING pc=0x0000023c41445371 sp=0x0000008b0d0f13a0
Event: 115.715 Thread 0x0000023c56016800 DEOPT UNPACKING pc=0x0000023c40629d0e sp=0x0000008b0d0f0898 mode 0
Event: 115.717 Thread 0x0000023c56016800 DEOPT PACKING pc=0x0000023c41445371 sp=0x0000008b0d0f11c0
Event: 115.717 Thread 0x0000023c56016800 DEOPT UNPACKING pc=0x0000023c40629d0e sp=0x0000008b0d0f06b8 mode 0
Event: 119.602 Thread 0x0000023c56016800 Uncommon trap: trap_request=0xfffffff4 fr.pc=0x0000023c485620ec relative=0x000000000000322c
Event: 119.602 Thread 0x0000023c56016800 Uncommon trap: reason=null_check action=make_not_entrant pc=0x0000023c485620ec method=java.lang.PublicMethods$MethodList.getMostSpecific()Ljava/lang/reflect/Method; @ 41 c2
Event: 119.602 Thread 0x0000023c56016800 DEOPT PACKING pc=0x0000023c485620ec sp=0x0000008b0d0ef3a0
Event: 119.602 Thread 0x0000023c56016800 DEOPT UNPACKING pc=0x0000023c405e85af sp=0x0000008b0d0ef2a0 mode 2

Classes redefined (0 events):
No events

Internal exceptions (20 events):
Event: 113.447 Thread 0x0000023c56016800 Exception <a 'java/security/PrivilegedActionException'{0x00000000a52a8740}> (0x00000000a52a8740) thrown at [./src/hotspot/share/prims/jvm.cpp, line 1306]
Event: 113.448 Thread 0x0000023c56016800 Exception <a 'java/lang/ClassNotFoundException'{0x00000000a52c8ac8}: org/apache/tools/ant/taskdefs/condition/OsCustomizer> (0x00000000a52c8ac8) thrown at [./src/hotspot/share/classfile/systemDictionary.cpp, line 231]
Event: 113.804 Thread 0x0000023c56016800 Exception <a 'java/lang/NoSuchMethodError'{0x00000000a5115b00}: 'java.lang.Object java.lang.invoke.DirectMethodHandle$Holder.invokeSpecial(java.lang.Object, java.lang.Object, java.lang.Object, java.lang.Object, java.lang.Object, java.lang.Object, java.lang.Object, java.lang.Object, java.lang.Object, java.lang.Object)'> (0x00000000a5115b00) thrown at [./src/hotspot/share/interpreter/linkResolver.cpp, line 773]
Event: 113.825 Thread 0x0000023c56016800 Exception <a 'java/lang/NoSuchMethodError'{0x00000000a511f220}: 'java.lang.Object java.lang.invoke.Invokers$Holder.invoker(java.lang.Object, java.lang.Object, java.lang.Object, java.lang.Object, java.lang.Object, java.lang.Object, java.lang.Object, java.lang.Object, java.lang.Object)'> (0x00000000a511f220) thrown at [./src/hotspot/share/interpreter/linkResolver.cpp, line 773]
Event: 115.776 Thread 0x0000023c56016800 Exception <a 'java/lang/IncompatibleClassChangeError'{0x00000000a561e460}: Found class java.lang.Object, but interface was expected> (0x00000000a561e460) thrown at [./src/hotspot/share/interpreter/linkResolver.cpp, line 839]
Event: 118.080 Thread 0x0000023c56016800 Exception <a 'java/lang/IncompatibleClassChangeError'{0x00000000a534e788}: Found class java.lang.Object, but interface was expected> (0x00000000a534e788) thrown at [./src/hotspot/share/interpreter/linkResolver.cpp, line 839]
Event: 118.598 Thread 0x0000023c56016800 Exception <a 'java/lang/NoSuchMethodError'{0x00000000a51f6240}: 'int java.lang.invoke.DirectMethodHandle$Holder.invokeStaticInit(java.lang.Object, java.lang.Object, java.lang.Object, java.lang.Object, java.lang.Object)'> (0x00000000a51f6240) thrown at [./src/hotspot/share/interpreter/linkResolver.cpp, line 773]
Event: 119.602 Thread 0x0000023c56016800 Implicit null exception at 0x0000023c4855fbb9 to 0x0000023c485620b4
Event: 119.657 Thread 0x0000023c56016800 Exception <a 'java/lang/ClassNotFoundException'{0x00000000a55dfa70}: com/android/build/gradle/internal/dsl/DefaultConfig$AgpDecorated_DecoratedBeanInfo> (0x00000000a55dfa70) thrown at [./src/hotspot/share/classfile/systemDictionary.cpp, line 231]
Event: 119.659 Thread 0x0000023c56016800 Exception <a 'java/lang/ClassNotFoundException'{0x00000000a55fbe30}: com/android/build/gradle/internal/dsl/DefaultConfig$AgpDecoratedBeanInfo> (0x00000000a55fbe30) thrown at [./src/hotspot/share/classfile/systemDictionary.cpp, line 231]
Event: 119.662 Thread 0x0000023c56016800 Exception <a 'java/lang/ClassNotFoundException'{0x00000000a54177c8}: com/android/build/gradle/internal/dsl/DefaultConfigBeanInfo> (0x00000000a54177c8) thrown at [./src/hotspot/share/classfile/systemDictionary.cpp, line 231]
Event: 119.664 Thread 0x0000023c56016800 Exception <a 'java/lang/ClassNotFoundException'{0x00000000a5432230}: com/android/build/gradle/internal/dsl/BaseFlavorBeanInfo> (0x00000000a5432230) thrown at [./src/hotspot/share/classfile/systemDictionary.cpp, line 231]
Event: 119.665 Thread 0x0000023c56016800 Exception <a 'java/lang/ClassNotFoundException'{0x00000000a544cfb0}: com/android/builder/core/AbstractProductFlavorBeanInfo> (0x00000000a544cfb0) thrown at [./src/hotspot/share/classfile/systemDictionary.cpp, line 231]
Event: 119.666 Thread 0x0000023c56016800 Exception <a 'java/lang/ClassNotFoundException'{0x00000000a5467710}: com/android/builder/internal/BaseConfigImplBeanInfo> (0x00000000a5467710) thrown at [./src/hotspot/share/classfile/systemDictionary.cpp, line 231]
Event: 119.667 Thread 0x0000023c56016800 Exception <a 'java/lang/ClassNotFoundException'{0x00000000a5482188}: com/android/builder/internal/BaseConfigImplCustomizer> (0x00000000a5482188) thrown at [./src/hotspot/share/classfile/systemDictionary.cpp, line 231]
Event: 119.670 Thread 0x0000023c56016800 Exception <a 'java/lang/ClassNotFoundException'{0x00000000a54bb708}: com/android/builder/core/AbstractProductFlavorCustomizer> (0x00000000a54bb708) thrown at [./src/hotspot/share/classfile/systemDictionary.cpp, line 231]
Event: 119.675 Thread 0x0000023c56016800 Exception <a 'java/lang/ClassNotFoundException'{0x00000000a5311388}: com/android/build/gradle/internal/dsl/BaseFlavorCustomizer> (0x00000000a5311388) thrown at [./src/hotspot/share/classfile/systemDictionary.cpp, line 231]
Event: 119.692 Thread 0x0000023c56016800 Exception <a 'java/lang/ClassNotFoundException'{0x00000000a5386e68}: com/android/build/gradle/internal/dsl/DefaultConfigCustomizer> (0x00000000a5386e68) thrown at [./src/hotspot/share/classfile/systemDictionary.cpp, line 231]
Event: 119.698 Thread 0x0000023c56016800 Exception <a 'java/lang/ClassNotFoundException'{0x00000000a53bb3a8}: com/android/build/gradle/internal/dsl/DefaultConfig$AgpDecoratedCustomizer> (0x00000000a53bb3a8) thrown at [./src/hotspot/share/classfile/systemDictionary.cpp, line 231]
Event: 119.701 Thread 0x0000023c56016800 Exception <a 'java/lang/ClassNotFoundException'{0x00000000a521e758}: com/android/build/gradle/internal/dsl/DefaultConfig$AgpDecorated_DecoratedCustomizer> (0x00000000a521e758) thrown at [./src/hotspot/share/classfile/systemDictionary.cpp, line 231]

Events (20 events):
Event: 119.670 loading class com/android/builder/core/AbstractProductFlavorCustomizer
Event: 119.670 loading class com/android/builder/core/AbstractProductFlavorCustomizer done
Event: 119.673 loading class com/android/build/gradle/internal/dsl/BaseFlavorCustomizer
Event: 119.673 loading class com/android/build/gradle/internal/dsl/BaseFlavorCustomizer done
Event: 119.674 loading class com/android/build/gradle/internal/dsl/BaseFlavorCustomizer
Event: 119.674 loading class com/android/build/gradle/internal/dsl/BaseFlavorCustomizer done
Event: 119.678 loading class java/beans/IntrospectionException
Event: 119.685 loading class java/beans/IntrospectionException done
Event: 119.688 loading class com/android/build/gradle/internal/dsl/DefaultConfigCustomizer
Event: 119.688 loading class com/android/build/gradle/internal/dsl/DefaultConfigCustomizer done
Event: 119.691 loading class com/android/build/gradle/internal/dsl/DefaultConfigCustomizer
Event: 119.691 loading class com/android/build/gradle/internal/dsl/DefaultConfigCustomizer done
Event: 119.696 loading class com/android/build/gradle/internal/dsl/DefaultConfig$AgpDecoratedCustomizer
Event: 119.696 loading class com/android/build/gradle/internal/dsl/DefaultConfig$AgpDecoratedCustomizer done
Event: 119.698 loading class com/android/build/gradle/internal/dsl/DefaultConfig$AgpDecoratedCustomizer
Event: 119.698 loading class com/android/build/gradle/internal/dsl/DefaultConfig$AgpDecoratedCustomizer done
Event: 119.699 loading class com/android/build/gradle/internal/dsl/DefaultConfig$AgpDecorated_DecoratedCustomizer
Event: 119.699 loading class com/android/build/gradle/internal/dsl/DefaultConfig$AgpDecorated_DecoratedCustomizer done
Event: 119.700 loading class com/android/build/gradle/internal/dsl/DefaultConfig$AgpDecorated_DecoratedCustomizer
Event: 119.700 loading class com/android/build/gradle/internal/dsl/DefaultConfig$AgpDecorated_DecoratedCustomizer done


Dynamic libraries:
0x00007ff685ac0000 - 0x00007ff685aca000 	C:\Program Files\Android\Android Studio\jre\bin\java.exe
0x00007fffeb450000 - 0x00007fffeb664000 	C:\WINDOWS\SYSTEM32\ntdll.dll
0x00007fffea800000 - 0x00007fffea8c3000 	C:\WINDOWS\System32\KERNEL32.DLL
0x00007fffe8a30000 - 0x00007fffe8dcc000 	C:\WINDOWS\System32\KERNELBASE.dll
0x00007fffe8dd0000 - 0x00007fffe8ee1000 	C:\WINDOWS\System32\ucrtbase.dll
0x00007fffe2350000 - 0x00007fffe2369000 	C:\Program Files\Android\Android Studio\jre\bin\jli.dll
0x00007fffeaf70000 - 0x00007fffeb11d000 	C:\WINDOWS\System32\USER32.dll
0x00007fffe90c0000 - 0x00007fffe90e6000 	C:\WINDOWS\System32\win32u.dll
0x00007fffe9f90000 - 0x00007fffe9fb9000 	C:\WINDOWS\System32\GDI32.dll
0x00007fffe8910000 - 0x00007fffe8a23000 	C:\WINDOWS\System32\gdi32full.dll
0x00007fffe8fb0000 - 0x00007fffe904a000 	C:\WINDOWS\System32\msvcp_win.dll
0x00007fffe2380000 - 0x00007fffe2397000 	C:\Program Files\Android\Android Studio\jre\bin\VCRUNTIME140.dll
0x00007fffd1d80000 - 0x00007fffd200e000 	C:\WINDOWS\WinSxS\amd64_microsoft.windows.common-controls_6595b64144ccf1df_6.0.22621.608_none_a9444ca7c10bb01d\COMCTL32.dll
0x00007fffeb1b0000 - 0x00007fffeb257000 	C:\WINDOWS\System32\msvcrt.dll
0x00007fffead80000 - 0x00007fffeadb1000 	C:\WINDOWS\System32\IMM32.DLL
0x00007fffb4160000 - 0x00007fffb41fd000 	C:\Program Files\Android\Android Studio\jre\bin\msvcp140.dll
0x00007fffaee90000 - 0x00007fffaf992000 	C:\Program Files\Android\Android Studio\jre\bin\server\jvm.dll
0x00007fffeb260000 - 0x00007fffeb30e000 	C:\WINDOWS\System32\ADVAPI32.dll
0x00007fffe9ee0000 - 0x00007fffe9f84000 	C:\WINDOWS\System32\sechost.dll
0x00007fffe9dc0000 - 0x00007fffe9ed5000 	C:\WINDOWS\System32\RPCRT4.dll
0x00007fffe94e0000 - 0x00007fffe94e8000 	C:\WINDOWS\System32\PSAPI.DLL
0x00007fffccce0000 - 0x00007fffccce9000 	C:\WINDOWS\SYSTEM32\WSOCK32.dll
0x00007fffeb390000 - 0x00007fffeb401000 	C:\WINDOWS\System32\WS2_32.dll
0x00007fffe09d0000 - 0x00007fffe0a04000 	C:\WINDOWS\SYSTEM32\WINMM.dll
0x00007fffe2370000 - 0x00007fffe237a000 	C:\WINDOWS\SYSTEM32\VERSION.dll
0x00007fffe78c0000 - 0x00007fffe78d8000 	C:\WINDOWS\SYSTEM32\kernel.appcore.dll
0x00007fffd9bc0000 - 0x00007fffd9bd1000 	C:\Program Files\Android\Android Studio\jre\bin\verify.dll
0x00007fffe6420000 - 0x00007fffe664e000 	C:\WINDOWS\SYSTEM32\DBGHELP.DLL
0x00007fffea9f0000 - 0x00007fffead79000 	C:\WINDOWS\System32\combase.dll
0x00007fffeadc0000 - 0x00007fffeae97000 	C:\WINDOWS\System32\OLEAUT32.dll
0x00007fffcb490000 - 0x00007fffcb4c2000 	C:\WINDOWS\SYSTEM32\dbgcore.DLL
0x00007fffe8890000 - 0x00007fffe890b000 	C:\WINDOWS\System32\bcryptPrimitives.dll
0x00007fffd72a0000 - 0x00007fffd72c9000 	C:\Program Files\Android\Android Studio\jre\bin\java.dll
0x00007fffe55e0000 - 0x00007fffe55eb000 	C:\Program Files\Android\Android Studio\jre\bin\jimage.dll
0x00007fffd8670000 - 0x00007fffd8688000 	C:\Program Files\Android\Android Studio\jre\bin\zip.dll
0x00007fffe9fc0000 - 0x00007fffea7b0000 	C:\WINDOWS\System32\SHELL32.dll
0x00007fffe6880000 - 0x00007fffe714e000 	C:\WINDOWS\SYSTEM32\windows.storage.dll
0x00007fffe6740000 - 0x00007fffe687e000 	C:\WINDOWS\SYSTEM32\wintypes.dll
0x00007fffea8f0000 - 0x00007fffea9e1000 	C:\WINDOWS\System32\SHCORE.dll
0x00007fffeb330000 - 0x00007fffeb38e000 	C:\WINDOWS\System32\shlwapi.dll
0x00007fffe87c0000 - 0x00007fffe87e1000 	C:\WINDOWS\SYSTEM32\profapi.dll
0x00007fffd7680000 - 0x00007fffd769a000 	C:\Program Files\Android\Android Studio\jre\bin\net.dll
0x00007fffe0690000 - 0x00007fffe07bf000 	C:\WINDOWS\SYSTEM32\WINHTTP.dll
0x00007fffe7d30000 - 0x00007fffe7d99000 	C:\WINDOWS\system32\mswsock.dll
0x00007fffd63a0000 - 0x00007fffd63b4000 	C:\Program Files\Android\Android Studio\jre\bin\nio.dll
0x00007fffd5b40000 - 0x00007fffd5b67000 	C:\Users\jitu\.gradle\native\e1d6ef7f7dcc3fd88c89a11ec53ec762bb8ba0a96d01ffa2cd45eb1d1d8dd5c5\windows-amd64\native-platform.dll
0x00007fffb2250000 - 0x00007fffb2394000 	C:\Users\jitu\.gradle\native\0d407fdbe67a94daf76414ababcb853783967236a71b16ec16e742cd7a986fd3\windows-amd64\native-platform-file-events.dll
0x00007fffe2f00000 - 0x00007fffe2f0a000 	C:\Program Files\Android\Android Studio\jre\bin\management.dll
0x00007fffdf1c0000 - 0x00007fffdf1cd000 	C:\Program Files\Android\Android Studio\jre\bin\management_ext.dll
0x00007fffe7fa0000 - 0x00007fffe7fbb000 	C:\WINDOWS\SYSTEM32\CRYPTSP.dll
0x00007fffe7830000 - 0x00007fffe7865000 	C:\WINDOWS\system32\rsaenh.dll
0x00007fffe7e30000 - 0x00007fffe7e58000 	C:\WINDOWS\SYSTEM32\USERENV.dll
0x00007fffe8170000 - 0x00007fffe8198000 	C:\WINDOWS\SYSTEM32\bcrypt.dll
0x00007fffe7f90000 - 0x00007fffe7f9c000 	C:\WINDOWS\SYSTEM32\CRYPTBASE.dll
0x00007fffe73a0000 - 0x00007fffe73cd000 	C:\WINDOWS\SYSTEM32\IPHLPAPI.DLL
0x00007fffeaf60000 - 0x00007fffeaf69000 	C:\WINDOWS\System32\NSI.dll
0x00007fffe08f0000 - 0x00007fffe0909000 	C:\WINDOWS\SYSTEM32\dhcpcsvc6.DLL
0x00007fffe0840000 - 0x00007fffe085f000 	C:\WINDOWS\SYSTEM32\dhcpcsvc.DLL
0x00007fffe7410000 - 0x00007fffe7503000 	C:\WINDOWS\SYSTEM32\DNSAPI.dll

dbghelp: loaded successfully - version: 4.0.5 - missing functions: none
symbol engine: initialized successfully - sym options: 0x614 - pdb path: .;C:\Program Files\Android\Android Studio\jre\bin;C:\WINDOWS\SYSTEM32;C:\WINDOWS\WinSxS\amd64_microsoft.windows.common-controls_6595b64144ccf1df_6.0.22621.608_none_a9444ca7c10bb01d;C:\Program Files\Android\Android Studio\jre\bin\server;C:\Users\jitu\.gradle\native\e1d6ef7f7dcc3fd88c89a11ec53ec762bb8ba0a96d01ffa2cd45eb1d1d8dd5c5\windows-amd64;C:\Users\jitu\.gradle\native\0d407fdbe67a94daf76414ababcb853783967236a71b16ec16e742cd7a986fd3\windows-amd64

VM Arguments:
jvm_args: --add-opens=java.base/java.util=ALL-UNNAMED --add-opens=java.base/java.lang=ALL-UNNAMED --add-opens=java.base/java.lang.invoke=ALL-UNNAMED --add-opens=java.base/java.util=ALL-UNNAMED --add-opens=java.prefs/java.util.prefs=ALL-UNNAMED --add-opens=java.prefs/java.util.prefs=ALL-UNNAMED --add-opens=java.base/java.nio.charset=ALL-UNNAMED --add-opens=java.base/java.net=ALL-UNNAMED --add-opens=java.base/java.util.concurrent.atomic=ALL-UNNAMED -Xmx1536M -Dfile.encoding=windows-1252 -Duser.country=US -Duser.language=en -Duser.variant 
java_command: org.gradle.launcher.daemon.bootstrap.GradleDaemon 7.5
java_class_path (initial): C:\Users\jitu\.gradle\wrapper\dists\gradle-7.5-all\6qsw290k5lz422uaf8jf6m7co\gradle-7.5\lib\gradle-launcher-7.5.jar
Launcher Type: SUN_STANDARD

[Global flags]
     intx CICompilerCount                          = 3                                         {product} {ergonomic}
     uint ConcGCThreads                            = 1                                         {product} {ergonomic}
     uint G1ConcRefinementThreads                  = 4                                         {product} {ergonomic}
   size_t G1HeapRegionSize                         = 1048576                                   {product} {ergonomic}
    uintx GCDrainStackTargetSize                   = 64                                        {product} {ergonomic}
   size_t InitialHeapSize                          = 65011712                                  {product} {ergonomic}
   size_t MarkStackSize                            = 4194304                                   {product} {ergonomic}
   size_t MaxHeapSize                              = 1610612736                                {product} {command line}
   size_t MaxNewSize                               = 965738496                                 {product} {ergonomic}
   size_t MinHeapDeltaBytes                        = 1048576                                   {product} {ergonomic}
    uintx NonNMethodCodeHeapSize                   = 5830732                                {pd product} {ergonomic}
    uintx NonProfiledCodeHeapSize                  = 122913754                              {pd product} {ergonomic}
    uintx ProfiledCodeHeapSize                     = 122913754                              {pd product} {ergonomic}
    uintx ReservedCodeCacheSize                    = 251658240                              {pd product} {ergonomic}
     bool SegmentedCodeCache                       = true                                      {product} {ergonomic}
     bool UseCompressedClassPointers               = true                                 {lp64_product} {ergonomic}
     bool UseCompressedOops                        = true                                 {lp64_product} {ergonomic}
     bool UseG1GC                                  = true                                      {product} {ergonomic}
     bool UseLargePagesIndividualAllocation        = false                                  {pd product} {ergonomic}

Logging:
Log output configuration:
 #0: stdout all=warning uptime,level,tags
 #1: stderr all=off uptime,level,tags

Environment Variables:
JAVA_HOME=C:\Program Files\Android\Android Studio\jre
CLASSPATH=H:\Android\FirebaseRealtimeapp\firebaseapp\android\\gradle\wrapper\gradle-wrapper.jar
PATH=C:\WINDOWS\system32;C:\WINDOWS;C:\WINDOWS\System32\Wbem;C:\WINDOWS\System32\WindowsPowerShell\v1.0\;C:\WINDOWS\System32\OpenSSH\;C:\Program Files\Microsoft SQL Server\120\Tools\Binn\;C:\Program Files\Git\cmd;C:\Program Files\nodejs\;C:\Program Files\dotnet\;C:\Users\jitu\AppData\Local\Programs\Python\Python310;C:\Users\jitu\AppData\Local\Programs\Microsoft VS Code\bin;C:\Users\jitu\AppData\Local\Programs\Python\Python310\Scripts;C:\Users\jitu\AppData\Roaming\npm;C:\Users\jitu\AppData\Local\Microsoft\WindowsApps;C:\Program Files\MongoDB\Server\6.0\bin;E:\flutter_windows_3.3.10-stable\flutter\bin;C:\Users\jitu\.dotnet\tools;E:\flutter_windows_3.3.10-stable\flutter\bin\mingit\cmd
USERNAME=jitu
OS=Windows_NT
PROCESSOR_IDENTIFIER=Intel64 Family 6 Model 126 Stepping 5, GenuineIntel



---------------  S Y S T E M  ---------------

OS: Windows 11 , 64 bit Build 22621 (10.0.22621.1344)
OS uptime: 3 days 4:56 hours

CPU:total 4 (initial active 4) (2 cores per cpu, 2 threads per core) family 6 model 126 stepping 5 microcode 0xb2, cmov, cx8, fxsr, mmx, sse, sse2, sse3, ssse3, sse4.1, sse4.2, popcnt, avx, avx2, aes, clmul, erms, 3dnowpref, lzcnt, ht, tsc, tscinvbit, bmi1, bmi2, adx, evex, sha, fma

Memory: 4k page, system-wide physical 3863M (119M free)
TotalPageFile size 15639M (AvailPageFile size 3M)
current process WorkingSet (physical memory assigned to process): 197M, peak: 237M
current process commit charge ("private bytes"): 321M, peak: 332M

vm_info: OpenJDK 64-Bit Server VM (11.0.13+0-b1751.21-8125866) for windows-amd64 JRE (11.0.13+0-b1751.21-8125866), built on Feb  2 2022 03:00:22 by "builder" with MS VC++ 14.0 (VS2015)

END.
